Tue Apr 25 2023 23:32:53 GMT-0300 (Horário Padrão de Brasília), GET, /, undefined 
Tue Apr 25 2023 23:32:53 GMT-0300 (Horário Padrão de Brasília), GET, /swagger-ui.css, undefined 
Tue Apr 25 2023 23:32:53 GMT-0300 (Horário Padrão de Brasília), GET, /swagger-ui-bundle.js, undefined 
Tue Apr 25 2023 23:32:53 GMT-0300 (Horário Padrão de Brasília), GET, /swagger-ui-standalone-preset.js, undefined 
Tue Apr 25 2023 23:32:53 GMT-0300 (Horário Padrão de Brasília), GET, /swagger-ui-init.js, undefined 
Tue Apr 25 2023 23:45:59 GMT-0300 (Horário Padrão de Brasília), GET, /, undefined 
Tue Apr 25 2023 23:45:59 GMT-0300 (Horário Padrão de Brasília), GET, /swagger-ui.css, undefined 
Tue Apr 25 2023 23:45:59 GMT-0300 (Horário Padrão de Brasília), GET, /swagger-ui-bundle.js, undefined 
Tue Apr 25 2023 23:45:59 GMT-0300 (Horário Padrão de Brasília), GET, /swagger-ui-standalone-preset.js, undefined 
Tue Apr 25 2023 23:45:59 GMT-0300 (Horário Padrão de Brasília), GET, /swagger-ui-init.js, undefined 
Tue Apr 25 2023 23:45:59 GMT-0300 (Horário Padrão de Brasília), GET, /favicon-32x32.png, undefined 
Tue Apr 25 2023 23:58:20 GMT-0300 (Horário Padrão de Brasília), GET, /, undefined 
Tue Apr 25 2023 23:58:20 GMT-0300 (Horário Padrão de Brasília), GET, /swagger-ui.css, undefined 
Tue Apr 25 2023 23:58:20 GMT-0300 (Horário Padrão de Brasília), GET, /swagger-ui-bundle.js, undefined 
Tue Apr 25 2023 23:58:20 GMT-0300 (Horário Padrão de Brasília), GET, /swagger-ui-standalone-preset.js, undefined 
Tue Apr 25 2023 23:58:20 GMT-0300 (Horário Padrão de Brasília), GET, /swagger-ui-init.js, undefined 
Tue Apr 25 2023 23:58:20 GMT-0300 (Horário Padrão de Brasília), GET, /favicon-32x32.png, undefined 
Tue Apr 25 2023 23:59:40 GMT-0300 (Horário Padrão de Brasília), GET, /, undefined 
Tue Apr 25 2023 23:59:40 GMT-0300 (Horário Padrão de Brasília), GET, /swagger-ui.css, undefined 
Tue Apr 25 2023 23:59:40 GMT-0300 (Horário Padrão de Brasília), GET, /swagger-ui-bundle.js, undefined 
Tue Apr 25 2023 23:59:40 GMT-0300 (Horário Padrão de Brasília), GET, /swagger-ui-standalone-preset.js, undefined 
Tue Apr 25 2023 23:59:40 GMT-0300 (Horário Padrão de Brasília), GET, /swagger-ui-init.js, undefined 
Tue Apr 25 2023 23:59:40 GMT-0300 (Horário Padrão de Brasília), GET, /favicon-32x32.png, undefined 
Tue Apr 25 2023 23:59:41 GMT-0300 (Horário Padrão de Brasília), GET, /, undefined 
Tue Apr 25 2023 23:59:41 GMT-0300 (Horário Padrão de Brasília), GET, /swagger-ui.css, undefined 
Tue Apr 25 2023 23:59:41 GMT-0300 (Horário Padrão de Brasília), GET, /swagger-ui-bundle.js, undefined 
Tue Apr 25 2023 23:59:41 GMT-0300 (Horário Padrão de Brasília), GET, /swagger-ui-standalone-preset.js, undefined 
Tue Apr 25 2023 23:59:41 GMT-0300 (Horário Padrão de Brasília), GET, /swagger-ui-init.js, undefined 
Tue Apr 25 2023 23:59:41 GMT-0300 (Horário Padrão de Brasília), GET, /favicon-32x32.png, undefined 
Tue Apr 25 2023 23:59:41 GMT-0300 (Horário Padrão de Brasília), GET, /, undefined 
Tue Apr 25 2023 23:59:41 GMT-0300 (Horário Padrão de Brasília), GET, /swagger-ui.css, undefined 
Tue Apr 25 2023 23:59:41 GMT-0300 (Horário Padrão de Brasília), GET, /swagger-ui-bundle.js, undefined 
Tue Apr 25 2023 23:59:41 GMT-0300 (Horário Padrão de Brasília), GET, /swagger-ui-standalone-preset.js, undefined 
Tue Apr 25 2023 23:59:41 GMT-0300 (Horário Padrão de Brasília), GET, /swagger-ui-init.js, undefined 
Tue Apr 25 2023 23:59:41 GMT-0300 (Horário Padrão de Brasília), GET, /favicon-32x32.png, undefined 
Tue Apr 25 2023 23:59:41 GMT-0300 (Horário Padrão de Brasília), GET, /, undefined 
Tue Apr 25 2023 23:59:41 GMT-0300 (Horário Padrão de Brasília), GET, /swagger-ui.css, undefined 
Tue Apr 25 2023 23:59:41 GMT-0300 (Horário Padrão de Brasília), GET, /swagger-ui-bundle.js, undefined 
Tue Apr 25 2023 23:59:41 GMT-0300 (Horário Padrão de Brasília), GET, /swagger-ui-standalone-preset.js, undefined 
Tue Apr 25 2023 23:59:41 GMT-0300 (Horário Padrão de Brasília), GET, /swagger-ui-init.js, undefined 
Tue Apr 25 2023 23:59:41 GMT-0300 (Horário Padrão de Brasília), GET, /favicon-32x32.png, undefined 
Wed Apr 26 2023 00:02:28 GMT-0300 (Horário Padrão de Brasília), GET, /, undefined 
Wed Apr 26 2023 00:02:28 GMT-0300 (Horário Padrão de Brasília), GET, /swagger-ui.css, undefined 
Wed Apr 26 2023 00:02:28 GMT-0300 (Horário Padrão de Brasília), GET, /swagger-ui-bundle.js, undefined 
Wed Apr 26 2023 00:02:28 GMT-0300 (Horário Padrão de Brasília), GET, /swagger-ui-standalone-preset.js, undefined 
Wed Apr 26 2023 00:02:28 GMT-0300 (Horário Padrão de Brasília), GET, /swagger-ui-init.js, undefined 
Wed Apr 26 2023 00:02:28 GMT-0300 (Horário Padrão de Brasília), GET, /favicon-32x32.png, undefined 
Wed Apr 26 2023 00:03:19 GMT-0300 (Horário Padrão de Brasília), GET, /, undefined 
Wed Apr 26 2023 00:03:20 GMT-0300 (Horário Padrão de Brasília), GET, /swagger-ui.css, undefined 
Wed Apr 26 2023 00:03:20 GMT-0300 (Horário Padrão de Brasília), GET, /swagger-ui-bundle.js, undefined 
Wed Apr 26 2023 00:03:20 GMT-0300 (Horário Padrão de Brasília), GET, /swagger-ui-standalone-preset.js, undefined 
Wed Apr 26 2023 00:03:20 GMT-0300 (Horário Padrão de Brasília), GET, /swagger-ui-init.js, undefined 
Wed Apr 26 2023 00:03:20 GMT-0300 (Horário Padrão de Brasília), GET, /favicon-32x32.png, undefined 
Wed Apr 26 2023 00:04:40 GMT-0300 (Horário Padrão de Brasília), GET, /, undefined 
Wed Apr 26 2023 00:04:40 GMT-0300 (Horário Padrão de Brasília), GET, /swagger-ui.css, undefined 
Wed Apr 26 2023 00:04:40 GMT-0300 (Horário Padrão de Brasília), GET, /swagger-ui-standalone-preset.js, undefined 
Wed Apr 26 2023 00:04:40 GMT-0300 (Horário Padrão de Brasília), GET, /swagger-ui-bundle.js, undefined 
Wed Apr 26 2023 00:04:40 GMT-0300 (Horário Padrão de Brasília), GET, /swagger-ui-init.js, undefined 
Wed Apr 26 2023 00:04:40 GMT-0300 (Horário Padrão de Brasília), GET, /favicon-32x32.png, undefined 
Wed Apr 26 2023 00:07:26 GMT-0300 (Horário Padrão de Brasília), GET, /, undefined 
Wed Apr 26 2023 00:07:26 GMT-0300 (Horário Padrão de Brasília), GET, /swagger-ui.css, undefined 
Wed Apr 26 2023 00:07:26 GMT-0300 (Horário Padrão de Brasília), GET, /swagger-ui-bundle.js, undefined 
Wed Apr 26 2023 00:07:26 GMT-0300 (Horário Padrão de Brasília), GET, /swagger-ui-standalone-preset.js, undefined 
Wed Apr 26 2023 00:07:26 GMT-0300 (Horário Padrão de Brasília), GET, /swagger-ui-init.js, undefined 
Wed Apr 26 2023 00:07:26 GMT-0300 (Horário Padrão de Brasília), GET, /favicon-32x32.png, undefined 
Wed Apr 26 2023 00:13:07 GMT-0300 (Horário Padrão de Brasília), GET, /, undefined 
Wed Apr 26 2023 00:13:07 GMT-0300 (Horário Padrão de Brasília), GET, /swagger-ui.css, undefined 
Wed Apr 26 2023 00:13:07 GMT-0300 (Horário Padrão de Brasília), GET, /swagger-ui-bundle.js, undefined 
Wed Apr 26 2023 00:13:07 GMT-0300 (Horário Padrão de Brasília), GET, /swagger-ui-init.js, undefined 
Wed Apr 26 2023 00:13:07 GMT-0300 (Horário Padrão de Brasília), GET, /swagger-ui-standalone-preset.js, undefined 
Wed Apr 26 2023 00:13:08 GMT-0300 (Horário Padrão de Brasília), GET, /favicon-32x32.png, undefined 
Wed Apr 26 2023 00:13:08 GMT-0300 (Horário Padrão de Brasília), GET, /, undefined 
Wed Apr 26 2023 00:13:08 GMT-0300 (Horário Padrão de Brasília), GET, /swagger-ui.css, undefined 
Wed Apr 26 2023 00:13:08 GMT-0300 (Horário Padrão de Brasília), GET, /swagger-ui-bundle.js, undefined 
Wed Apr 26 2023 00:13:08 GMT-0300 (Horário Padrão de Brasília), GET, /swagger-ui-standalone-preset.js, undefined 
Wed Apr 26 2023 00:13:08 GMT-0300 (Horário Padrão de Brasília), GET, /swagger-ui-init.js, undefined 
Wed Apr 26 2023 00:13:08 GMT-0300 (Horário Padrão de Brasília), GET, /favicon-32x32.png, undefined 
Wed Apr 26 2023 00:16:53 GMT-0300 (Horário Padrão de Brasília), GET, /, undefined 
Wed Apr 26 2023 00:16:53 GMT-0300 (Horário Padrão de Brasília), GET, /swagger-ui.css, undefined 
Wed Apr 26 2023 00:16:53 GMT-0300 (Horário Padrão de Brasília), GET, /swagger-ui-bundle.js, undefined 
Wed Apr 26 2023 00:16:53 GMT-0300 (Horário Padrão de Brasília), GET, /swagger-ui-standalone-preset.js, undefined 
Wed Apr 26 2023 00:16:53 GMT-0300 (Horário Padrão de Brasília), GET, /swagger-ui-init.js, undefined 
Wed Apr 26 2023 00:16:53 GMT-0300 (Horário Padrão de Brasília), GET, /favicon-32x32.png, undefined 
Wed Apr 26 2023 00:27:21 GMT-0300 (Horário Padrão de Brasília), GET, /, undefined 
Wed Apr 26 2023 00:27:21 GMT-0300 (Horário Padrão de Brasília), GET, /swagger-ui.css, undefined 
Wed Apr 26 2023 00:27:21 GMT-0300 (Horário Padrão de Brasília), GET, /swagger-ui-bundle.js, undefined 
Wed Apr 26 2023 00:27:21 GMT-0300 (Horário Padrão de Brasília), GET, /swagger-ui-standalone-preset.js, undefined 
Wed Apr 26 2023 00:27:21 GMT-0300 (Horário Padrão de Brasília), GET, /swagger-ui-init.js, undefined 
Wed Apr 26 2023 00:27:21 GMT-0300 (Horário Padrão de Brasília), GET, /favicon-32x32.png, undefined 
Wed Apr 26 2023 00:34:43 GMT-0300 (Horário Padrão de Brasília), GET, /, undefined 
Wed Apr 26 2023 00:34:43 GMT-0300 (Horário Padrão de Brasília), GET, /swagger-ui.css, undefined 
Wed Apr 26 2023 00:34:43 GMT-0300 (Horário Padrão de Brasília), GET, /swagger-ui-bundle.js, undefined 
Wed Apr 26 2023 00:34:43 GMT-0300 (Horário Padrão de Brasília), GET, /swagger-ui-standalone-preset.js, undefined 
Wed Apr 26 2023 00:34:43 GMT-0300 (Horário Padrão de Brasília), GET, /swagger-ui-init.js, undefined 
Wed Apr 26 2023 00:34:43 GMT-0300 (Horário Padrão de Brasília), GET, /favicon-32x32.png, undefined 
Wed Apr 26 2023 00:41:25 GMT-0300 (Horário Padrão de Brasília), GET, /, undefined 
Wed Apr 26 2023 00:41:25 GMT-0300 (Horário Padrão de Brasília), GET, /swagger-ui.css, undefined 
Wed Apr 26 2023 00:41:25 GMT-0300 (Horário Padrão de Brasília), GET, /swagger-ui-bundle.js, undefined 
Wed Apr 26 2023 00:41:25 GMT-0300 (Horário Padrão de Brasília), GET, /swagger-ui-standalone-preset.js, undefined 
Wed Apr 26 2023 00:41:25 GMT-0300 (Horário Padrão de Brasília), GET, /swagger-ui-init.js, undefined 
Wed Apr 26 2023 00:41:25 GMT-0300 (Horário Padrão de Brasília), GET, /favicon-32x32.png, undefined 
Wed Apr 26 2023 00:41:38 GMT-0300 (Horário Padrão de Brasília), GET, /, undefined 
Wed Apr 26 2023 00:41:38 GMT-0300 (Horário Padrão de Brasília), GET, /swagger-ui.css, undefined 
Wed Apr 26 2023 00:41:38 GMT-0300 (Horário Padrão de Brasília), GET, /swagger-ui-bundle.js, undefined 
Wed Apr 26 2023 00:41:38 GMT-0300 (Horário Padrão de Brasília), GET, /swagger-ui-standalone-preset.js, undefined 
Wed Apr 26 2023 00:41:38 GMT-0300 (Horário Padrão de Brasília), GET, /swagger-ui-init.js, undefined 
Wed Apr 26 2023 00:41:39 GMT-0300 (Horário Padrão de Brasília), GET, /favicon-32x32.png, undefined 
Wed Apr 26 2023 00:41:39 GMT-0300 (Horário Padrão de Brasília), GET, /, undefined 
Wed Apr 26 2023 00:41:39 GMT-0300 (Horário Padrão de Brasília), GET, /swagger-ui.css, undefined 
Wed Apr 26 2023 00:41:39 GMT-0300 (Horário Padrão de Brasília), GET, /swagger-ui-bundle.js, undefined 
Wed Apr 26 2023 00:41:39 GMT-0300 (Horário Padrão de Brasília), GET, /swagger-ui-standalone-preset.js, undefined 
Wed Apr 26 2023 00:41:39 GMT-0300 (Horário Padrão de Brasília), GET, /swagger-ui-init.js, undefined 
Wed Apr 26 2023 00:41:39 GMT-0300 (Horário Padrão de Brasília), GET, /favicon-32x32.png, undefined 
Wed Apr 26 2023 00:41:40 GMT-0300 (Horário Padrão de Brasília), GET, /, undefined 
Wed Apr 26 2023 00:41:40 GMT-0300 (Horário Padrão de Brasília), GET, /swagger-ui.css, undefined 
Wed Apr 26 2023 00:41:40 GMT-0300 (Horário Padrão de Brasília), GET, /swagger-ui-bundle.js, undefined 
Wed Apr 26 2023 00:41:40 GMT-0300 (Horário Padrão de Brasília), GET, /swagger-ui-standalone-preset.js, undefined 
Wed Apr 26 2023 00:41:40 GMT-0300 (Horário Padrão de Brasília), GET, /swagger-ui-init.js, undefined 
Wed Apr 26 2023 00:41:40 GMT-0300 (Horário Padrão de Brasília), GET, /favicon-32x32.png, undefined 
Wed Apr 26 2023 00:41:40 GMT-0300 (Horário Padrão de Brasília), GET, /, undefined 
Wed Apr 26 2023 00:41:40 GMT-0300 (Horário Padrão de Brasília), GET, /swagger-ui.css, undefined 
Wed Apr 26 2023 00:41:40 GMT-0300 (Horário Padrão de Brasília), GET, /swagger-ui-bundle.js, undefined 
Wed Apr 26 2023 00:41:40 GMT-0300 (Horário Padrão de Brasília), GET, /swagger-ui-standalone-preset.js, undefined 
Wed Apr 26 2023 00:41:40 GMT-0300 (Horário Padrão de Brasília), GET, /swagger-ui-init.js, undefined 
Wed Apr 26 2023 00:41:40 GMT-0300 (Horário Padrão de Brasília), GET, /favicon-32x32.png, undefined 
Wed Apr 26 2023 00:41:41 GMT-0300 (Horário Padrão de Brasília), GET, /, undefined 
Wed Apr 26 2023 00:41:41 GMT-0300 (Horário Padrão de Brasília), GET, /swagger-ui.css, undefined 
Wed Apr 26 2023 00:41:41 GMT-0300 (Horário Padrão de Brasília), GET, /swagger-ui-bundle.js, undefined 
Wed Apr 26 2023 00:41:41 GMT-0300 (Horário Padrão de Brasília), GET, /swagger-ui-standalone-preset.js, undefined 
Wed Apr 26 2023 00:41:41 GMT-0300 (Horário Padrão de Brasília), GET, /swagger-ui-init.js, undefined 
Wed Apr 26 2023 00:41:41 GMT-0300 (Horário Padrão de Brasília), GET, /favicon-32x32.png, undefined 
Wed Apr 26 2023 00:41:41 GMT-0300 (Horário Padrão de Brasília), GET, /, undefined 
Wed Apr 26 2023 00:41:41 GMT-0300 (Horário Padrão de Brasília), GET, /swagger-ui.css, undefined 
Wed Apr 26 2023 00:41:41 GMT-0300 (Horário Padrão de Brasília), GET, /swagger-ui-bundle.js, undefined 
Wed Apr 26 2023 00:41:41 GMT-0300 (Horário Padrão de Brasília), GET, /swagger-ui-standalone-preset.js, undefined 
Wed Apr 26 2023 00:41:41 GMT-0300 (Horário Padrão de Brasília), GET, /swagger-ui-init.js, undefined 
Wed Apr 26 2023 00:41:41 GMT-0300 (Horário Padrão de Brasília), GET, /favicon-32x32.png, undefined 
Wed Apr 26 2023 00:41:41 GMT-0300 (Horário Padrão de Brasília), GET, /, undefined 
Wed Apr 26 2023 00:41:41 GMT-0300 (Horário Padrão de Brasília), GET, /swagger-ui.css, undefined 
Wed Apr 26 2023 00:41:41 GMT-0300 (Horário Padrão de Brasília), GET, /swagger-ui-bundle.js, undefined 
Wed Apr 26 2023 00:41:41 GMT-0300 (Horário Padrão de Brasília), GET, /swagger-ui-standalone-preset.js, undefined 
Wed Apr 26 2023 00:41:41 GMT-0300 (Horário Padrão de Brasília), GET, /swagger-ui-init.js, undefined 
Wed Apr 26 2023 00:41:41 GMT-0300 (Horário Padrão de Brasília), GET, /favicon-32x32.png, undefined 
Wed Apr 26 2023 00:47:55 GMT-0300 (Horário Padrão de Brasília), GET, /, undefined 
Wed Apr 26 2023 00:47:55 GMT-0300 (Horário Padrão de Brasília), GET, /swagger-ui.css, undefined 
Wed Apr 26 2023 00:47:55 GMT-0300 (Horário Padrão de Brasília), GET, /swagger-ui-bundle.js, undefined 
Wed Apr 26 2023 00:47:55 GMT-0300 (Horário Padrão de Brasília), GET, /swagger-ui-standalone-preset.js, undefined 
Wed Apr 26 2023 00:47:55 GMT-0300 (Horário Padrão de Brasília), GET, /swagger-ui-init.js, undefined 
Wed Apr 26 2023 00:47:55 GMT-0300 (Horário Padrão de Brasília), GET, /favicon-32x32.png, undefined 
Wed Apr 26 2023 00:47:59 GMT-0300 (Horário Padrão de Brasília), GET, /, undefined 
Wed Apr 26 2023 00:47:59 GMT-0300 (Horário Padrão de Brasília), GET, /swagger-ui.css, undefined 
Wed Apr 26 2023 00:47:59 GMT-0300 (Horário Padrão de Brasília), GET, /swagger-ui-bundle.js, undefined 
Wed Apr 26 2023 00:47:59 GMT-0300 (Horário Padrão de Brasília), GET, /swagger-ui-standalone-preset.js, undefined 
Wed Apr 26 2023 00:47:59 GMT-0300 (Horário Padrão de Brasília), GET, /swagger-ui-init.js, undefined 
Wed Apr 26 2023 00:47:59 GMT-0300 (Horário Padrão de Brasília), GET, /favicon-32x32.png, undefined 
Wed Apr 26 2023 00:54:11 GMT-0300 (Horário Padrão de Brasília), GET, /, undefined 
Wed Apr 26 2023 00:54:11 GMT-0300 (Horário Padrão de Brasília), GET, /swagger-ui.css, undefined 
Wed Apr 26 2023 00:54:11 GMT-0300 (Horário Padrão de Brasília), GET, /swagger-ui-bundle.js, undefined 
Wed Apr 26 2023 00:54:11 GMT-0300 (Horário Padrão de Brasília), GET, /swagger-ui-standalone-preset.js, undefined 
Wed Apr 26 2023 00:54:11 GMT-0300 (Horário Padrão de Brasília), GET, /swagger-ui-init.js, undefined 
Wed Apr 26 2023 00:54:15 GMT-0300 (Horário Padrão de Brasília), GET, /, undefined 
Wed Apr 26 2023 00:54:15 GMT-0300 (Horário Padrão de Brasília), GET, /swagger-ui.css, undefined 
Wed Apr 26 2023 00:54:15 GMT-0300 (Horário Padrão de Brasília), GET, /swagger-ui-bundle.js, undefined 
Wed Apr 26 2023 00:54:15 GMT-0300 (Horário Padrão de Brasília), GET, /swagger-ui-standalone-preset.js, undefined 
Wed Apr 26 2023 00:54:15 GMT-0300 (Horário Padrão de Brasília), GET, /swagger-ui-init.js, undefined 
Wed Apr 26 2023 00:54:15 GMT-0300 (Horário Padrão de Brasília), GET, /favicon-32x32.png, undefined 
